The target system is: Generic -  - BCM2835
The host system is: Linux - 5.10.102.1-microsoft-standard-WSL2 - x86_64
Compiling the CXX compiler identification source file "CMakeCXXCompilerId.cpp" succeeded.
Compiler: /usr/bin/arm-none-eabi-g++ 
Build flags: ;-O0;-g;-nostartfiles;-mfloat-abi=hard;-mfpu=vfp;-march=armv6zk;-mtune=arm1176jzf-s;-fno-exceptions;-fno-rtti;-O0;-g;-nostartfiles;-mfloat-abi=hard;-mfpu=vfp;-march=armv6zk;-mtune=arm1176jzf-s;-fno-exceptions;-fno-rtti
Id flags:  

The output was:
0
/usr/lib/gcc/arm-none-eabi/10.3.0/../../../../arm-none-eabi/bin/ld: warning: cannot find entry symbol _start; defaulting to 0000000000008000


Compilation of the CXX compiler identification source "CMakeCXXCompilerId.cpp" produced "a.out"

The CXX compiler identification is GNU, found in "/mnt/c/user/privateWorkspace/School/OS/SP/KIV-RTOS/Odevzdani/src/userspace/build/CMakeFiles/3.21.3/CompilerIdCXX/a.out"

Compiling the C compiler identification source file "CMakeCCompilerId.c" succeeded.
Compiler: /usr/bin/arm-none-eabi-gcc 
Build flags: ;-O0;-g;-nostartfiles;-mfloat-abi=hard;-mfpu=vfp;-march=armv6zk;-mtune=arm1176jzf-s;-O0;-g;-nostartfiles;-mfloat-abi=hard;-mfpu=vfp;-march=armv6zk;-mtune=arm1176jzf-s
Id flags:  

The output was:
0
/usr/lib/gcc/arm-none-eabi/10.3.0/../../../../arm-none-eabi/bin/ld: warning: cannot find entry symbol _start; defaulting to 0000000000008000


Compilation of the C compiler identification source "CMakeCCompilerId.c" produced "a.out"

The C compiler identification is GNU, found in "/mnt/c/user/privateWorkspace/School/OS/SP/KIV-RTOS/Odevzdani/src/userspace/build/CMakeFiles/3.21.3/CompilerIdC/a.out"

Checking whether the ASM compiler is GNU using "--version" matched "(GNU assembler)|(GCC)|(Free Software Foundation)":
arm-none-eabi-gcc (Alpine Linux) 10.3.0
Copyright (C) 2020 Free Software Foundation, Inc.
This is free software; see the source for copying conditions.  There is NO
warranty; not even for MERCHANTABILITY or FITNESS FOR A PARTICULAR PURPOSE.

Detecting CXX compiler ABI info compiled with the following output:
Change Dir: /mnt/c/user/privateWorkspace/School/OS/SP/KIV-RTOS/Odevzdani/src/userspace/build/CMakeFiles/CMakeTmp

Run Build Command(s):/usr/bin/make -f Makefile cmTC_8d953/fast && /usr/bin/make  -f CMakeFiles/cmTC_8d953.dir/build.make CMakeFiles/cmTC_8d953.dir/build
make[1]: Entering directory '/mnt/c/user/privateWorkspace/School/OS/SP/KIV-RTOS/Odevzdani/src/userspace/build/CMakeFiles/CMakeTmp'
Building CXX object CMakeFiles/cmTC_8d953.dir/CMakeCXXCompilerABI.cpp.obj
/usr/bin/arm-none-eabi-g++ -DRPI0=1  -O0 -g -nostartfiles -mfloat-abi=hard -mfpu=vfp -march=armv6zk -mtune=arm1176jzf-s -fno-exceptions -fno-rtti -O0 -g -nostartfiles -mfloat-abi=hard -mfpu=vfp -march=armv6zk -mtune=arm1176jzf-s -fno-exceptions -fno-rtti    -v -o CMakeFiles/cmTC_8d953.dir/CMakeCXXCompilerABI.cpp.obj -c /usr/share/cmake/Modules/CMakeCXXCompilerABI.cpp
Using built-in specs.
COLLECT_GCC=/usr/bin/arm-none-eabi-g++
Target: arm-none-eabi
Configured with: /home/buildozer/aports/community/gcc-cross-embedded/src/gcc-10.3.0/configure --target=arm-none-eabi --prefix=/usr --with-sysroot=/usr/arm-none-eabi --with-native-system-header-dir=/include --with-headers=/usr/arm-none-eabi/include --with-python-dir=share/gcc-arm-none-eabi --libexecdir=/usr/lib --infodir=/deleteme/info --htmldir=/deleteme/html --pdfdir=/deleteme/pdf --mandir=/deleteme/man --enable-languages=c,c++ --enable-plugins --enable-gnu-indirect-function --disable-decimal-float --disable-libffi --disable-libgomp --disable-libmudflap --disable-libquadmath --disable-libssp --disable-libstdcxx-pch --disable-nls --disable-shared --disable-threads --disable-tls --disable-werror --with-gmp --with-gnu-as --with-gnu-ld --with-host-libstdcxx='-static-libgcc -Wl,-Bstatic,-lstdc++,-Bdynamic -lm' --with-isl --with-libelf --with-mpc --with-mpfr --with-newlib --with-system-zlib --with-pkgversion='Alpine Linux' --with-multilib-list=rmprofile
Thread model: single
Supported LTO compression algorithms: zlib
gcc version 10.3.0 (Alpine Linux) 
COLLECT_GCC_OPTIONS='-D' 'RPI0=1' '-O0' '-g' '-nostartfiles' '-mfloat-abi=hard' '-mfpu=vfp' '-O0' '-g' '-nostartfiles' '-mfloat-abi=hard' '-mfpu=vfp'  '-mtune=arm1176jzf-s' '-fno-exceptions' '-fno-rtti' '-v' '-o' 'CMakeFiles/cmTC_8d953.dir/CMakeCXXCompilerABI.cpp.obj' '-c' '-marm' '-march=armv6zk+fp'
 /usr/lib/gcc/arm-none-eabi/10.3.0/cc1plus -quiet -v -imultilib arm/v5te/hard -D__USES_INITFINI__ -D RPI0=1 /usr/share/cmake/Modules/CMakeCXXCompilerABI.cpp -quiet -dumpbase CMakeCXXCompilerABI.cpp -mfloat-abi=hard -mfpu=vfp -mfloat-abi=hard -mfpu=vfp -mtune=arm1176jzf-s -marm -march=armv6zk+fp -auxbase-strip CMakeFiles/cmTC_8d953.dir/CMakeCXXCompilerABI.cpp.obj -g -g -O0 -O0 -version -fno-exceptions -fno-rtti -o /tmp/ccONhhEM.s
GNU C++14 (Alpine Linux) version 10.3.0 (arm-none-eabi)
	compiled by GNU C version 10.3.1 20210921, GMP version 6.2.1, MPFR version 4.1.0, MPC version 1.2.1, isl version isl-0.22-GMP

GGC heuristics: --param ggc-min-expand=100 --param ggc-min-heapsize=131072
ignoring nonexistent directory "/usr/arm-none-eabi/usr/local/include"
ignoring duplicate directory "/usr/arm-none-eabi/include"
#include "..." search starts here:
#include <...> search starts here:
 /usr/lib/gcc/arm-none-eabi/10.3.0/../../../../arm-none-eabi/include/c++/10.3.0
 /usr/lib/gcc/arm-none-eabi/10.3.0/../../../../arm-none-eabi/include/c++/10.3.0/arm-none-eabi/arm/v5te/hard
 /usr/lib/gcc/arm-none-eabi/10.3.0/../../../../arm-none-eabi/include/c++/10.3.0/backward
 /usr/lib/gcc/arm-none-eabi/10.3.0/include
 /usr/lib/gcc/arm-none-eabi/10.3.0/include-fixed
 /usr/lib/gcc/arm-none-eabi/10.3.0/../../../../arm-none-eabi/include
End of search list.
GNU C++14 (Alpine Linux) version 10.3.0 (arm-none-eabi)
	compiled by GNU C version 10.3.1 20210921, GMP version 6.2.1, MPFR version 4.1.0, MPC version 1.2.1, isl version isl-0.22-GMP

GGC heuristics: --param ggc-min-expand=100 --param ggc-min-heapsize=131072
Compiler executable checksum: 524ae050ba3e229242acf558a2f931d6
COLLECT_GCC_OPTIONS='-D' 'RPI0=1' '-O0' '-g' '-nostartfiles' '-mfloat-abi=hard' '-mfpu=vfp' '-O0' '-g' '-nostartfiles' '-mfloat-abi=hard' '-mfpu=vfp'  '-mtune=arm1176jzf-s' '-fno-exceptions' '-fno-rtti' '-v' '-o' 'CMakeFiles/cmTC_8d953.dir/CMakeCXXCompilerABI.cpp.obj' '-c' '-marm' '-march=armv6zk+fp'
 /usr/lib/gcc/arm-none-eabi/10.3.0/../../../../arm-none-eabi/bin/as -v -march=armv6zk -mfloat-abi=hard -mfloat-abi=hard -mfpu=vfp -mfpu=vfp -meabi=5 -o CMakeFiles/cmTC_8d953.dir/CMakeCXXCompilerABI.cpp.obj /tmp/ccONhhEM.s
GNU assembler version 2.37 (arm-none-eabi) using BFD version (GNU Binutils) 2.37
COMPILER_PATH=/usr/lib/gcc/arm-none-eabi/10.3.0/:/usr/lib/gcc/arm-none-eabi/10.3.0/:/usr/lib/gcc/arm-none-eabi/:/usr/lib/gcc/arm-none-eabi/10.3.0/:/usr/lib/gcc/arm-none-eabi/:/usr/lib/gcc/arm-none-eabi/10.3.0/../../../../arm-none-eabi/bin/
LIBRARY_PATH=/usr/lib/gcc/arm-none-eabi/10.3.0/arm/v5te/hard/:/usr/lib/gcc/arm-none-eabi/10.3.0/../../../../arm-none-eabi/lib/arm/v5te/hard/:/usr/arm-none-eabi/lib/arm/v5te/hard/:/usr/lib/gcc/arm-none-eabi/10.3.0/:/usr/lib/gcc/arm-none-eabi/10.3.0/../../../../arm-none-eabi/lib/:/usr/arm-none-eabi/lib/
COLLECT_GCC_OPTIONS='-D' 'RPI0=1' '-O0' '-g' '-nostartfiles' '-mfloat-abi=hard' '-mfpu=vfp' '-O0' '-g' '-nostartfiles' '-mfloat-abi=hard' '-mfpu=vfp'  '-mtune=arm1176jzf-s' '-fno-exceptions' '-fno-rtti' '-v' '-o' 'CMakeFiles/cmTC_8d953.dir/CMakeCXXCompilerABI.cpp.obj' '-c' '-marm' '-march=armv6zk+fp'
Linking CXX static library libcmTC_8d953.a
/usr/bin/cmake -P CMakeFiles/cmTC_8d953.dir/cmake_clean_target.cmake
/usr/bin/cmake -E cmake_link_script CMakeFiles/cmTC_8d953.dir/link.txt --verbose=1
/usr/bin/arm-none-eabi-ar qc libcmTC_8d953.a CMakeFiles/cmTC_8d953.dir/CMakeCXXCompilerABI.cpp.obj
/usr/bin/arm-none-eabi-ranlib libcmTC_8d953.a
make[1]: Leaving directory '/mnt/c/user/privateWorkspace/School/OS/SP/KIV-RTOS/Odevzdani/src/userspace/build/CMakeFiles/CMakeTmp'



Parsed CXX implicit include dir info from above output: rv=done
  found start of include info
  found start of implicit include info
    add: [/usr/lib/gcc/arm-none-eabi/10.3.0/../../../../arm-none-eabi/include/c++/10.3.0]
    add: [/usr/lib/gcc/arm-none-eabi/10.3.0/../../../../arm-none-eabi/include/c++/10.3.0/arm-none-eabi/arm/v5te/hard]
    add: [/usr/lib/gcc/arm-none-eabi/10.3.0/../../../../arm-none-eabi/include/c++/10.3.0/backward]
    add: [/usr/lib/gcc/arm-none-eabi/10.3.0/include]
    add: [/usr/lib/gcc/arm-none-eabi/10.3.0/include-fixed]
    add: [/usr/lib/gcc/arm-none-eabi/10.3.0/../../../../arm-none-eabi/include]
  end of search list found
  collapse include dir [/usr/lib/gcc/arm-none-eabi/10.3.0/../../../../arm-none-eabi/include/c++/10.3.0] ==> [/usr/arm-none-eabi/include/c++/10.3.0]
  collapse include dir [/usr/lib/gcc/arm-none-eabi/10.3.0/../../../../arm-none-eabi/include/c++/10.3.0/arm-none-eabi/arm/v5te/hard] ==> [/usr/arm-none-eabi/include/c++/10.3.0/arm-none-eabi/arm/v5te/hard]
  collapse include dir [/usr/lib/gcc/arm-none-eabi/10.3.0/../../../../arm-none-eabi/include/c++/10.3.0/backward] ==> [/usr/arm-none-eabi/include/c++/10.3.0/backward]
  collapse include dir [/usr/lib/gcc/arm-none-eabi/10.3.0/include] ==> [/usr/lib/gcc/arm-none-eabi/10.3.0/include]
  collapse include dir [/usr/lib/gcc/arm-none-eabi/10.3.0/include-fixed] ==> [/usr/lib/gcc/arm-none-eabi/10.3.0/include-fixed]
  collapse include dir [/usr/lib/gcc/arm-none-eabi/10.3.0/../../../../arm-none-eabi/include] ==> [/usr/arm-none-eabi/include]
  implicit include dirs: [/usr/arm-none-eabi/include/c++/10.3.0;/usr/arm-none-eabi/include/c++/10.3.0/arm-none-eabi/arm/v5te/hard;/usr/arm-none-eabi/include/c++/10.3.0/backward;/usr/lib/gcc/arm-none-eabi/10.3.0/include;/usr/lib/gcc/arm-none-eabi/10.3.0/include-fixed;/usr/arm-none-eabi/include]


Parsed CXX implicit link information from above output:
  link line regex: [^( *|.*[/\])(arm-none-eabi-ld|CMAKE_LINK_STARTFILE-NOTFOUND|([^/\]+-)?ld|collect2)[^/\]*( |$)]
  ignore line: [Change Dir: /mnt/c/user/privateWorkspace/School/OS/SP/KIV-RTOS/Odevzdani/src/userspace/build/CMakeFiles/CMakeTmp]
  ignore line: []
  ignore line: [Run Build Command(s):/usr/bin/make -f Makefile cmTC_8d953/fast && /usr/bin/make  -f CMakeFiles/cmTC_8d953.dir/build.make CMakeFiles/cmTC_8d953.dir/build]
  ignore line: [make[1]: Entering directory '/mnt/c/user/privateWorkspace/School/OS/SP/KIV-RTOS/Odevzdani/src/userspace/build/CMakeFiles/CMakeTmp']
  ignore line: [Building CXX object CMakeFiles/cmTC_8d953.dir/CMakeCXXCompilerABI.cpp.obj]
  ignore line: [/usr/bin/arm-none-eabi-g++ -DRPI0=1  -O0 -g -nostartfiles -mfloat-abi=hard -mfpu=vfp -march=armv6zk -mtune=arm1176jzf-s -fno-exceptions -fno-rtti -O0 -g -nostartfiles -mfloat-abi=hard -mfpu=vfp -march=armv6zk -mtune=arm1176jzf-s -fno-exceptions -fno-rtti    -v -o CMakeFiles/cmTC_8d953.dir/CMakeCXXCompilerABI.cpp.obj -c /usr/share/cmake/Modules/CMakeCXXCompilerABI.cpp]
  ignore line: [Using built-in specs.]
  ignore line: [COLLECT_GCC=/usr/bin/arm-none-eabi-g++]
  ignore line: [Target: arm-none-eabi]
  ignore line: [Configured with: /home/buildozer/aports/community/gcc-cross-embedded/src/gcc-10.3.0/configure --target=arm-none-eabi --prefix=/usr --with-sysroot=/usr/arm-none-eabi --with-native-system-header-dir=/include --with-headers=/usr/arm-none-eabi/include --with-python-dir=share/gcc-arm-none-eabi --libexecdir=/usr/lib --infodir=/deleteme/info --htmldir=/deleteme/html --pdfdir=/deleteme/pdf --mandir=/deleteme/man --enable-languages=c,c++ --enable-plugins --enable-gnu-indirect-function --disable-decimal-float --disable-libffi --disable-libgomp --disable-libmudflap --disable-libquadmath --disable-libssp --disable-libstdcxx-pch --disable-nls --disable-shared --disable-threads --disable-tls --disable-werror --with-gmp --with-gnu-as --with-gnu-ld --with-host-libstdcxx='-static-libgcc -Wl,-Bstatic,-lstdc++,-Bdynamic -lm' --with-isl --with-libelf --with-mpc --with-mpfr --with-newlib --with-system-zlib --with-pkgversion='Alpine Linux' --with-multilib-list=rmprofile]
  ignore line: [Thread model: single]
  ignore line: [Supported LTO compression algorithms: zlib]
  ignore line: [gcc version 10.3.0 (Alpine Linux) ]
  ignore line: [COLLECT_GCC_OPTIONS='-D' 'RPI0=1' '-O0' '-g' '-nostartfiles' '-mfloat-abi=hard' '-mfpu=vfp' '-O0' '-g' '-nostartfiles' '-mfloat-abi=hard' '-mfpu=vfp'  '-mtune=arm1176jzf-s' '-fno-exceptions' '-fno-rtti' '-v' '-o' 'CMakeFiles/cmTC_8d953.dir/CMakeCXXCompilerABI.cpp.obj' '-c' '-marm' '-march=armv6zk+fp']
  ignore line: [ /usr/lib/gcc/arm-none-eabi/10.3.0/cc1plus -quiet -v -imultilib arm/v5te/hard -D__USES_INITFINI__ -D RPI0=1 /usr/share/cmake/Modules/CMakeCXXCompilerABI.cpp -quiet -dumpbase CMakeCXXCompilerABI.cpp -mfloat-abi=hard -mfpu=vfp -mfloat-abi=hard -mfpu=vfp -mtune=arm1176jzf-s -marm -march=armv6zk+fp -auxbase-strip CMakeFiles/cmTC_8d953.dir/CMakeCXXCompilerABI.cpp.obj -g -g -O0 -O0 -version -fno-exceptions -fno-rtti -o /tmp/ccONhhEM.s]
  ignore line: [GNU C++14 (Alpine Linux) version 10.3.0 (arm-none-eabi)]
  ignore line: [	compiled by GNU C version 10.3.1 20210921  GMP version 6.2.1  MPFR version 4.1.0  MPC version 1.2.1  isl version isl-0.22-GMP]
  ignore line: []
  ignore line: [GGC heuristics: --param ggc-min-expand=100 --param ggc-min-heapsize=131072]
  ignore line: [ignoring nonexistent directory "/usr/arm-none-eabi/usr/local/include"]
  ignore line: [ignoring duplicate directory "/usr/arm-none-eabi/include"]
  ignore line: [#include "..." search starts here:]
  ignore line: [#include <...> search starts here:]
  ignore line: [ /usr/lib/gcc/arm-none-eabi/10.3.0/../../../../arm-none-eabi/include/c++/10.3.0]
  ignore line: [ /usr/lib/gcc/arm-none-eabi/10.3.0/../../../../arm-none-eabi/include/c++/10.3.0/arm-none-eabi/arm/v5te/hard]
  ignore line: [ /usr/lib/gcc/arm-none-eabi/10.3.0/../../../../arm-none-eabi/include/c++/10.3.0/backward]
  ignore line: [ /usr/lib/gcc/arm-none-eabi/10.3.0/include]
  ignore line: [ /usr/lib/gcc/arm-none-eabi/10.3.0/include-fixed]
  ignore line: [ /usr/lib/gcc/arm-none-eabi/10.3.0/../../../../arm-none-eabi/include]
  ignore line: [End of search list.]
  ignore line: [GNU C++14 (Alpine Linux) version 10.3.0 (arm-none-eabi)]
  ignore line: [	compiled by GNU C version 10.3.1 20210921  GMP version 6.2.1  MPFR version 4.1.0  MPC version 1.2.1  isl version isl-0.22-GMP]
  ignore line: []
  ignore line: [GGC heuristics: --param ggc-min-expand=100 --param ggc-min-heapsize=131072]
  ignore line: [Compiler executable checksum: 524ae050ba3e229242acf558a2f931d6]
  ignore line: [COLLECT_GCC_OPTIONS='-D' 'RPI0=1' '-O0' '-g' '-nostartfiles' '-mfloat-abi=hard' '-mfpu=vfp' '-O0' '-g' '-nostartfiles' '-mfloat-abi=hard' '-mfpu=vfp'  '-mtune=arm1176jzf-s' '-fno-exceptions' '-fno-rtti' '-v' '-o' 'CMakeFiles/cmTC_8d953.dir/CMakeCXXCompilerABI.cpp.obj' '-c' '-marm' '-march=armv6zk+fp']
  ignore line: [ /usr/lib/gcc/arm-none-eabi/10.3.0/../../../../arm-none-eabi/bin/as -v -march=armv6zk -mfloat-abi=hard -mfloat-abi=hard -mfpu=vfp -mfpu=vfp -meabi=5 -o CMakeFiles/cmTC_8d953.dir/CMakeCXXCompilerABI.cpp.obj /tmp/ccONhhEM.s]
  ignore line: [GNU assembler version 2.37 (arm-none-eabi) using BFD version (GNU Binutils) 2.37]
  ignore line: [COMPILER_PATH=/usr/lib/gcc/arm-none-eabi/10.3.0/:/usr/lib/gcc/arm-none-eabi/10.3.0/:/usr/lib/gcc/arm-none-eabi/:/usr/lib/gcc/arm-none-eabi/10.3.0/:/usr/lib/gcc/arm-none-eabi/:/usr/lib/gcc/arm-none-eabi/10.3.0/../../../../arm-none-eabi/bin/]
  ignore line: [LIBRARY_PATH=/usr/lib/gcc/arm-none-eabi/10.3.0/arm/v5te/hard/:/usr/lib/gcc/arm-none-eabi/10.3.0/../../../../arm-none-eabi/lib/arm/v5te/hard/:/usr/arm-none-eabi/lib/arm/v5te/hard/:/usr/lib/gcc/arm-none-eabi/10.3.0/:/usr/lib/gcc/arm-none-eabi/10.3.0/../../../../arm-none-eabi/lib/:/usr/arm-none-eabi/lib/]
  ignore line: [COLLECT_GCC_OPTIONS='-D' 'RPI0=1' '-O0' '-g' '-nostartfiles' '-mfloat-abi=hard' '-mfpu=vfp' '-O0' '-g' '-nostartfiles' '-mfloat-abi=hard' '-mfpu=vfp'  '-mtune=arm1176jzf-s' '-fno-exceptions' '-fno-rtti' '-v' '-o' 'CMakeFiles/cmTC_8d953.dir/CMakeCXXCompilerABI.cpp.obj' '-c' '-marm' '-march=armv6zk+fp']
  ignore line: [Linking CXX static library libcmTC_8d953.a]
  ignore line: [/usr/bin/cmake -P CMakeFiles/cmTC_8d953.dir/cmake_clean_target.cmake]
  ignore line: [/usr/bin/cmake -E cmake_link_script CMakeFiles/cmTC_8d953.dir/link.txt --verbose=1]
  ignore line: [/usr/bin/arm-none-eabi-ar qc libcmTC_8d953.a CMakeFiles/cmTC_8d953.dir/CMakeCXXCompilerABI.cpp.obj]
  ignore line: [/usr/bin/arm-none-eabi-ranlib libcmTC_8d953.a]
  ignore line: [make[1]: Leaving directory '/mnt/c/user/privateWorkspace/School/OS/SP/KIV-RTOS/Odevzdani/src/userspace/build/CMakeFiles/CMakeTmp']
  ignore line: []
  ignore line: []
  implicit libs: []
  implicit objs: []
  implicit dirs: []
  implicit fwks: []


Detecting C compiler ABI info compiled with the following output:
Change Dir: /mnt/c/user/privateWorkspace/School/OS/SP/KIV-RTOS/Odevzdani/src/userspace/build/CMakeFiles/CMakeTmp

Run Build Command(s):/usr/bin/make -f Makefile cmTC_716a5/fast && /usr/bin/make  -f CMakeFiles/cmTC_716a5.dir/build.make CMakeFiles/cmTC_716a5.dir/build
make[1]: Entering directory '/mnt/c/user/privateWorkspace/School/OS/SP/KIV-RTOS/Odevzdani/src/userspace/build/CMakeFiles/CMakeTmp'
Building C object CMakeFiles/cmTC_716a5.dir/CMakeCCompilerABI.c.obj
/usr/bin/arm-none-eabi-gcc -DRPI0=1  -O0 -g -nostartfiles -mfloat-abi=hard -mfpu=vfp -march=armv6zk -mtune=arm1176jzf-s -O0 -g -nostartfiles -mfloat-abi=hard -mfpu=vfp -march=armv6zk -mtune=arm1176jzf-s    -v -o CMakeFiles/cmTC_716a5.dir/CMakeCCompilerABI.c.obj -c /usr/share/cmake/Modules/CMakeCCompilerABI.c
Using built-in specs.
COLLECT_GCC=/usr/bin/arm-none-eabi-gcc
Target: arm-none-eabi
Configured with: /home/buildozer/aports/community/gcc-cross-embedded/src/gcc-10.3.0/configure --target=arm-none-eabi --prefix=/usr --with-sysroot=/usr/arm-none-eabi --with-native-system-header-dir=/include --with-headers=/usr/arm-none-eabi/include --with-python-dir=share/gcc-arm-none-eabi --libexecdir=/usr/lib --infodir=/deleteme/info --htmldir=/deleteme/html --pdfdir=/deleteme/pdf --mandir=/deleteme/man --enable-languages=c,c++ --enable-plugins --enable-gnu-indirect-function --disable-decimal-float --disable-libffi --disable-libgomp --disable-libmudflap --disable-libquadmath --disable-libssp --disable-libstdcxx-pch --disable-nls --disable-shared --disable-threads --disable-tls --disable-werror --with-gmp --with-gnu-as --with-gnu-ld --with-host-libstdcxx='-static-libgcc -Wl,-Bstatic,-lstdc++,-Bdynamic -lm' --with-isl --with-libelf --with-mpc --with-mpfr --with-newlib --with-system-zlib --with-pkgversion='Alpine Linux' --with-multilib-list=rmprofile
Thread model: single
Supported LTO compression algorithms: zlib
gcc version 10.3.0 (Alpine Linux) 
COLLECT_GCC_OPTIONS='-D' 'RPI0=1' '-O0' '-g' '-nostartfiles' '-mfloat-abi=hard' '-mfpu=vfp' '-O0' '-g' '-nostartfiles' '-mfloat-abi=hard' '-mfpu=vfp'  '-mtune=arm1176jzf-s' '-v' '-o' 'CMakeFiles/cmTC_716a5.dir/CMakeCCompilerABI.c.obj' '-c' '-marm' '-march=armv6zk+fp'
 /usr/lib/gcc/arm-none-eabi/10.3.0/cc1 -quiet -v -imultilib arm/v5te/hard -D__USES_INITFINI__ -D RPI0=1 /usr/share/cmake/Modules/CMakeCCompilerABI.c -quiet -dumpbase CMakeCCompilerABI.c -mfloat-abi=hard -mfpu=vfp -mfloat-abi=hard -mfpu=vfp -mtune=arm1176jzf-s -marm -march=armv6zk+fp -auxbase-strip CMakeFiles/cmTC_716a5.dir/CMakeCCompilerABI.c.obj -g -g -O0 -O0 -version -o /tmp/cciHcoGg.s
GNU C17 (Alpine Linux) version 10.3.0 (arm-none-eabi)
	compiled by GNU C version 10.3.1 20210921, GMP version 6.2.1, MPFR version 4.1.0, MPC version 1.2.1, isl version isl-0.22-GMP

GGC heuristics: --param ggc-min-expand=100 --param ggc-min-heapsize=131072
ignoring nonexistent directory "/usr/arm-none-eabi/usr/local/include"
ignoring duplicate directory "/usr/arm-none-eabi/include"
#include "..." search starts here:
#include <...> search starts here:
 /usr/lib/gcc/arm-none-eabi/10.3.0/include
 /usr/lib/gcc/arm-none-eabi/10.3.0/include-fixed
 /usr/lib/gcc/arm-none-eabi/10.3.0/../../../../arm-none-eabi/include
End of search list.
GNU C17 (Alpine Linux) version 10.3.0 (arm-none-eabi)
	compiled by GNU C version 10.3.1 20210921, GMP version 6.2.1, MPFR version 4.1.0, MPC version 1.2.1, isl version isl-0.22-GMP

GGC heuristics: --param ggc-min-expand=100 --param ggc-min-heapsize=131072
Compiler executable checksum: 95a7f4cf5f717450eb3e32fc19e52192
COLLECT_GCC_OPTIONS='-D' 'RPI0=1' '-O0' '-g' '-nostartfiles' '-mfloat-abi=hard' '-mfpu=vfp' '-O0' '-g' '-nostartfiles' '-mfloat-abi=hard' '-mfpu=vfp'  '-mtune=arm1176jzf-s' '-v' '-o' 'CMakeFiles/cmTC_716a5.dir/CMakeCCompilerABI.c.obj' '-c' '-marm' '-march=armv6zk+fp'
 /usr/lib/gcc/arm-none-eabi/10.3.0/../../../../arm-none-eabi/bin/as -v -march=armv6zk -mfloat-abi=hard -mfloat-abi=hard -mfpu=vfp -mfpu=vfp -meabi=5 -o CMakeFiles/cmTC_716a5.dir/CMakeCCompilerABI.c.obj /tmp/cciHcoGg.s
GNU assembler version 2.37 (arm-none-eabi) using BFD version (GNU Binutils) 2.37
COMPILER_PATH=/usr/lib/gcc/arm-none-eabi/10.3.0/:/usr/lib/gcc/arm-none-eabi/10.3.0/:/usr/lib/gcc/arm-none-eabi/:/usr/lib/gcc/arm-none-eabi/10.3.0/:/usr/lib/gcc/arm-none-eabi/:/usr/lib/gcc/arm-none-eabi/10.3.0/../../../../arm-none-eabi/bin/
LIBRARY_PATH=/usr/lib/gcc/arm-none-eabi/10.3.0/arm/v5te/hard/:/usr/lib/gcc/arm-none-eabi/10.3.0/../../../../arm-none-eabi/lib/arm/v5te/hard/:/usr/arm-none-eabi/lib/arm/v5te/hard/:/usr/lib/gcc/arm-none-eabi/10.3.0/:/usr/lib/gcc/arm-none-eabi/10.3.0/../../../../arm-none-eabi/lib/:/usr/arm-none-eabi/lib/
COLLECT_GCC_OPTIONS='-D' 'RPI0=1' '-O0' '-g' '-nostartfiles' '-mfloat-abi=hard' '-mfpu=vfp' '-O0' '-g' '-nostartfiles' '-mfloat-abi=hard' '-mfpu=vfp'  '-mtune=arm1176jzf-s' '-v' '-o' 'CMakeFiles/cmTC_716a5.dir/CMakeCCompilerABI.c.obj' '-c' '-marm' '-march=armv6zk+fp'
Linking C static library libcmTC_716a5.a
/usr/bin/cmake -P CMakeFiles/cmTC_716a5.dir/cmake_clean_target.cmake
/usr/bin/cmake -E cmake_link_script CMakeFiles/cmTC_716a5.dir/link.txt --verbose=1
/usr/bin/arm-none-eabi-ar qc libcmTC_716a5.a CMakeFiles/cmTC_716a5.dir/CMakeCCompilerABI.c.obj
/usr/bin/arm-none-eabi-ranlib libcmTC_716a5.a
make[1]: Leaving directory '/mnt/c/user/privateWorkspace/School/OS/SP/KIV-RTOS/Odevzdani/src/userspace/build/CMakeFiles/CMakeTmp'



Parsed C implicit include dir info from above output: rv=done
  found start of include info
  found start of implicit include info
    add: [/usr/lib/gcc/arm-none-eabi/10.3.0/include]
    add: [/usr/lib/gcc/arm-none-eabi/10.3.0/include-fixed]
    add: [/usr/lib/gcc/arm-none-eabi/10.3.0/../../../../arm-none-eabi/include]
  end of search list found
  collapse include dir [/usr/lib/gcc/arm-none-eabi/10.3.0/include] ==> [/usr/lib/gcc/arm-none-eabi/10.3.0/include]
  collapse include dir [/usr/lib/gcc/arm-none-eabi/10.3.0/include-fixed] ==> [/usr/lib/gcc/arm-none-eabi/10.3.0/include-fixed]
  collapse include dir [/usr/lib/gcc/arm-none-eabi/10.3.0/../../../../arm-none-eabi/include] ==> [/usr/arm-none-eabi/include]
  implicit include dirs: [/usr/lib/gcc/arm-none-eabi/10.3.0/include;/usr/lib/gcc/arm-none-eabi/10.3.0/include-fixed;/usr/arm-none-eabi/include]


Parsed C implicit link information from above output:
  link line regex: [^( *|.*[/\])(arm-none-eabi-ld|CMAKE_LINK_STARTFILE-NOTFOUND|([^/\]+-)?ld|collect2)[^/\]*( |$)]
  ignore line: [Change Dir: /mnt/c/user/privateWorkspace/School/OS/SP/KIV-RTOS/Odevzdani/src/userspace/build/CMakeFiles/CMakeTmp]
  ignore line: []
  ignore line: [Run Build Command(s):/usr/bin/make -f Makefile cmTC_716a5/fast && /usr/bin/make  -f CMakeFiles/cmTC_716a5.dir/build.make CMakeFiles/cmTC_716a5.dir/build]
  ignore line: [make[1]: Entering directory '/mnt/c/user/privateWorkspace/School/OS/SP/KIV-RTOS/Odevzdani/src/userspace/build/CMakeFiles/CMakeTmp']
  ignore line: [Building C object CMakeFiles/cmTC_716a5.dir/CMakeCCompilerABI.c.obj]
  ignore line: [/usr/bin/arm-none-eabi-gcc -DRPI0=1  -O0 -g -nostartfiles -mfloat-abi=hard -mfpu=vfp -march=armv6zk -mtune=arm1176jzf-s -O0 -g -nostartfiles -mfloat-abi=hard -mfpu=vfp -march=armv6zk -mtune=arm1176jzf-s    -v -o CMakeFiles/cmTC_716a5.dir/CMakeCCompilerABI.c.obj -c /usr/share/cmake/Modules/CMakeCCompilerABI.c]
  ignore line: [Using built-in specs.]
  ignore line: [COLLECT_GCC=/usr/bin/arm-none-eabi-gcc]
  ignore line: [Target: arm-none-eabi]
  ignore line: [Configured with: /home/buildozer/aports/community/gcc-cross-embedded/src/gcc-10.3.0/configure --target=arm-none-eabi --prefix=/usr --with-sysroot=/usr/arm-none-eabi --with-native-system-header-dir=/include --with-headers=/usr/arm-none-eabi/include --with-python-dir=share/gcc-arm-none-eabi --libexecdir=/usr/lib --infodir=/deleteme/info --htmldir=/deleteme/html --pdfdir=/deleteme/pdf --mandir=/deleteme/man --enable-languages=c,c++ --enable-plugins --enable-gnu-indirect-function --disable-decimal-float --disable-libffi --disable-libgomp --disable-libmudflap --disable-libquadmath --disable-libssp --disable-libstdcxx-pch --disable-nls --disable-shared --disable-threads --disable-tls --disable-werror --with-gmp --with-gnu-as --with-gnu-ld --with-host-libstdcxx='-static-libgcc -Wl,-Bstatic,-lstdc++,-Bdynamic -lm' --with-isl --with-libelf --with-mpc --with-mpfr --with-newlib --with-system-zlib --with-pkgversion='Alpine Linux' --with-multilib-list=rmprofile]
  ignore line: [Thread model: single]
  ignore line: [Supported LTO compression algorithms: zlib]
  ignore line: [gcc version 10.3.0 (Alpine Linux) ]
  ignore line: [COLLECT_GCC_OPTIONS='-D' 'RPI0=1' '-O0' '-g' '-nostartfiles' '-mfloat-abi=hard' '-mfpu=vfp' '-O0' '-g' '-nostartfiles' '-mfloat-abi=hard' '-mfpu=vfp'  '-mtune=arm1176jzf-s' '-v' '-o' 'CMakeFiles/cmTC_716a5.dir/CMakeCCompilerABI.c.obj' '-c' '-marm' '-march=armv6zk+fp']
  ignore line: [ /usr/lib/gcc/arm-none-eabi/10.3.0/cc1 -quiet -v -imultilib arm/v5te/hard -D__USES_INITFINI__ -D RPI0=1 /usr/share/cmake/Modules/CMakeCCompilerABI.c -quiet -dumpbase CMakeCCompilerABI.c -mfloat-abi=hard -mfpu=vfp -mfloat-abi=hard -mfpu=vfp -mtune=arm1176jzf-s -marm -march=armv6zk+fp -auxbase-strip CMakeFiles/cmTC_716a5.dir/CMakeCCompilerABI.c.obj -g -g -O0 -O0 -version -o /tmp/cciHcoGg.s]
  ignore line: [GNU C17 (Alpine Linux) version 10.3.0 (arm-none-eabi)]
  ignore line: [	compiled by GNU C version 10.3.1 20210921  GMP version 6.2.1  MPFR version 4.1.0  MPC version 1.2.1  isl version isl-0.22-GMP]
  ignore line: []
  ignore line: [GGC heuristics: --param ggc-min-expand=100 --param ggc-min-heapsize=131072]
  ignore line: [ignoring nonexistent directory "/usr/arm-none-eabi/usr/local/include"]
  ignore line: [ignoring duplicate directory "/usr/arm-none-eabi/include"]
  ignore line: [#include "..." search starts here:]
  ignore line: [#include <...> search starts here:]
  ignore line: [ /usr/lib/gcc/arm-none-eabi/10.3.0/include]
  ignore line: [ /usr/lib/gcc/arm-none-eabi/10.3.0/include-fixed]
  ignore line: [ /usr/lib/gcc/arm-none-eabi/10.3.0/../../../../arm-none-eabi/include]
  ignore line: [End of search list.]
  ignore line: [GNU C17 (Alpine Linux) version 10.3.0 (arm-none-eabi)]
  ignore line: [	compiled by GNU C version 10.3.1 20210921  GMP version 6.2.1  MPFR version 4.1.0  MPC version 1.2.1  isl version isl-0.22-GMP]
  ignore line: []
  ignore line: [GGC heuristics: --param ggc-min-expand=100 --param ggc-min-heapsize=131072]
  ignore line: [Compiler executable checksum: 95a7f4cf5f717450eb3e32fc19e52192]
  ignore line: [COLLECT_GCC_OPTIONS='-D' 'RPI0=1' '-O0' '-g' '-nostartfiles' '-mfloat-abi=hard' '-mfpu=vfp' '-O0' '-g' '-nostartfiles' '-mfloat-abi=hard' '-mfpu=vfp'  '-mtune=arm1176jzf-s' '-v' '-o' 'CMakeFiles/cmTC_716a5.dir/CMakeCCompilerABI.c.obj' '-c' '-marm' '-march=armv6zk+fp']
  ignore line: [ /usr/lib/gcc/arm-none-eabi/10.3.0/../../../../arm-none-eabi/bin/as -v -march=armv6zk -mfloat-abi=hard -mfloat-abi=hard -mfpu=vfp -mfpu=vfp -meabi=5 -o CMakeFiles/cmTC_716a5.dir/CMakeCCompilerABI.c.obj /tmp/cciHcoGg.s]
  ignore line: [GNU assembler version 2.37 (arm-none-eabi) using BFD version (GNU Binutils) 2.37]
  ignore line: [COMPILER_PATH=/usr/lib/gcc/arm-none-eabi/10.3.0/:/usr/lib/gcc/arm-none-eabi/10.3.0/:/usr/lib/gcc/arm-none-eabi/:/usr/lib/gcc/arm-none-eabi/10.3.0/:/usr/lib/gcc/arm-none-eabi/:/usr/lib/gcc/arm-none-eabi/10.3.0/../../../../arm-none-eabi/bin/]
  ignore line: [LIBRARY_PATH=/usr/lib/gcc/arm-none-eabi/10.3.0/arm/v5te/hard/:/usr/lib/gcc/arm-none-eabi/10.3.0/../../../../arm-none-eabi/lib/arm/v5te/hard/:/usr/arm-none-eabi/lib/arm/v5te/hard/:/usr/lib/gcc/arm-none-eabi/10.3.0/:/usr/lib/gcc/arm-none-eabi/10.3.0/../../../../arm-none-eabi/lib/:/usr/arm-none-eabi/lib/]
  ignore line: [COLLECT_GCC_OPTIONS='-D' 'RPI0=1' '-O0' '-g' '-nostartfiles' '-mfloat-abi=hard' '-mfpu=vfp' '-O0' '-g' '-nostartfiles' '-mfloat-abi=hard' '-mfpu=vfp'  '-mtune=arm1176jzf-s' '-v' '-o' 'CMakeFiles/cmTC_716a5.dir/CMakeCCompilerABI.c.obj' '-c' '-marm' '-march=armv6zk+fp']
  ignore line: [Linking C static library libcmTC_716a5.a]
  ignore line: [/usr/bin/cmake -P CMakeFiles/cmTC_716a5.dir/cmake_clean_target.cmake]
  ignore line: [/usr/bin/cmake -E cmake_link_script CMakeFiles/cmTC_716a5.dir/link.txt --verbose=1]
  ignore line: [/usr/bin/arm-none-eabi-ar qc libcmTC_716a5.a CMakeFiles/cmTC_716a5.dir/CMakeCCompilerABI.c.obj]
  ignore line: [/usr/bin/arm-none-eabi-ranlib libcmTC_716a5.a]
  ignore line: [make[1]: Leaving directory '/mnt/c/user/privateWorkspace/School/OS/SP/KIV-RTOS/Odevzdani/src/userspace/build/CMakeFiles/CMakeTmp']
  ignore line: []
  ignore line: []
  implicit libs: []
  implicit objs: []
  implicit dirs: []
  implicit fwks: []


