The target system is: Generic -  - BCM2835
The host system is: Linux - 5.10.102.1-microsoft-standard-WSL2 - x86_64
Compiling the CXX compiler identification source file "CMakeCXXCompilerId.cpp" succeeded.
Compiler: /usr/bin/arm-none-eabi-g++ 
Build flags: ;-O0;-g;-nostartfiles;-mfloat-abi=hard;-mfpu=vfp;-march=armv6zk;-mtune=arm1176jzf-s;-O0;-g;-nostartfiles;-mfloat-abi=hard;-mfpu=vfp;-march=armv6zk;-mtune=arm1176jzf-s
Id flags:  

The output was:
0
/usr/lib/gcc/arm-none-eabi/10.3.0/../../../../arm-none-eabi/bin/ld: warning: cannot find entry symbol _start; defaulting to 0000000000008000


Compilation of the CXX compiler identification source "CMakeCXXCompilerId.cpp" produced "a.out"

The CXX compiler identification is GNU, found in "/mnt/c/user/privateWorkspace/School/OS/SP/KIV-RTOS/build/CMakeFiles/3.21.3/CompilerIdCXX/a.out"

Compiling the C compiler identification source file "CMakeCCompilerId.c" succeeded.
Compiler: /usr/bin/arm-none-eabi-gcc 
Build flags: ;-O0;-g;-nostartfiles;-mfloat-abi=hard;-mfpu=vfp;-march=armv6zk;-mtune=arm1176jzf-s;-O0;-g;-nostartfiles;-mfloat-abi=hard;-mfpu=vfp;-march=armv6zk;-mtune=arm1176jzf-s
Id flags:  

The output was:
0
/usr/lib/gcc/arm-none-eabi/10.3.0/../../../../arm-none-eabi/bin/ld: warning: cannot find entry symbol _start; defaulting to 0000000000008000


Compilation of the C compiler identification source "CMakeCCompilerId.c" produced "a.out"

The C compiler identification is GNU, found in "/mnt/c/user/privateWorkspace/School/OS/SP/KIV-RTOS/build/CMakeFiles/3.21.3/CompilerIdC/a.out"

Checking whether the ASM compiler is GNU using "--version" matched "(GNU assembler)|(GCC)|(Free Software Foundation)":
arm-none-eabi-gcc (Alpine Linux) 10.3.0
Copyright (C) 2020 Free Software Foundation, Inc.
This is free software; see the source for copying conditions.  There is NO
warranty; not even for MERCHANTABILITY or FITNESS FOR A PARTICULAR PURPOSE.

